<?xml version="1.0" encoding="UTF-8"?>
<!-- Generated by org.testng.reporters.JUnitReportReporter -->
<testsuite hostname="NAGARJUN" failures="0" tests="1" name="com.practice.testngassertiondataprovider.FlipKart" time="67.271" errors="0" timestamp="2022-12-24T21:03:01 IST" skipped="0">
  <testcase classname="com.practice.testngassertiondataprovider.FlipKart" name="testUntitled" time="67.271"/>
  <system-out/>
</testsuite> <!-- com.practice.testngassertiondataprovider.FlipKart -->
