<?xml version="1.0" encoding="UTF-8"?>
<!-- Generated by org.testng.reporters.JUnitReportReporter -->
<testsuite hostname="NAGARJUN" failures="0" tests="3" name="com.practice.testngassertiondataprovider.AmazonDemo" time="55.037" errors="0" timestamp="2022-12-24T20:53:39 IST" skipped="0">
  <testcase classname="com.practice.testngassertiondataprovider.AmazonDemo" name="launchBrowser" time="3.089"/>
  <system-out/>
  <testcase classname="com.practice.testngassertiondataprovider.AmazonDemo" name="navigate" time="47.185"/>
  <system-out/>
  <testcase classname="com.practice.testngassertiondataprovider.AmazonDemo" name="operationsOnFlipkart" time="4.763"/>
  <system-out/>
</testsuite> <!-- com.practice.testngassertiondataprovider.AmazonDemo -->
