<?xml version="1.0" encoding="UTF-8"?>
<!-- Generated by org.testng.reporters.JUnitReportReporter -->
<testsuite hostname="NAGARJUN" failures="0" tests="8" name="com.practice.testngassertiondataprovider.Createusercustomeprojecttask" time="0.172" errors="0" timestamp="2022-12-24T20:31:04 IST" skipped="0">
  <testcase classname="com.practice.testngassertiondataprovider.Createusercustomeprojecttask" name="launchBrowser" time="0.095"/>
  <system-out/>
  <testcase classname="com.practice.testngassertiondataprovider.Createusercustomeprojecttask" name="navigate" time="0.012"/>
  <system-out/>
  <testcase classname="com.practice.testngassertiondataprovider.Createusercustomeprojecttask" name="Login" time="0.033"/>
  <system-out/>
  <testcase classname="com.practice.testngassertiondataprovider.Createusercustomeprojecttask" name="minimizeflyout" time="0.006"/>
  <system-out/>
  <testcase classname="com.practice.testngassertiondataprovider.Createusercustomeprojecttask" name="createuser" time="0.008"/>
  <system-out/>
  <testcase classname="com.practice.testngassertiondataprovider.Createusercustomeprojecttask" name="deleteuser" time="0.005"/>
  <system-out/>
  <testcase classname="com.practice.testngassertiondataprovider.Createusercustomeprojecttask" name="Logout" time="0.005"/>
  <system-out/>
  <testcase classname="com.practice.testngassertiondataprovider.Createusercustomeprojecttask" name="closeApplication" time="0.008"/>
  <system-out/>
</testsuite> <!-- com.practice.testngassertiondataprovider.Createusercustomeprojecttask -->
